<?xml version="1.0" encoding="UTF-8"?>
<testng-results ignored="0" total="1" passed="1" failed="0" skipped="0">
  <reporter-output>
  </reporter-output>
  <suite started-at="2023-11-21T11:29:53 IST" name="Suite" finished-at="2023-11-21T11:30:04 IST" duration-ms="11156">
    <groups>
    </groups>
    <test started-at="2023-11-21T11:29:53 IST" name="Test" finished-at="2023-11-21T11:30:04 IST" duration-ms="11156">
      <class name="com.w3schools.tests.LoginTest">
        <test-method signature="loginWithValidCredentials()[pri:0, instance:com.w3schools.tests.LoginTest@7cc0cdad]" started-at="2023-11-21T11:29:53 IST" name="loginWithValidCredentials" finished-at="2023-11-21T11:30:04 IST" duration-ms="11083" status="PASS">
          <reporter-output>
          </reporter-output>
        </test-method> <!-- loginWithValidCredentials -->
      </class> <!-- com.w3schools.tests.LoginTest -->
    </test> <!-- Test -->
  </suite> <!-- Suite -->
</testng-results>
